<?xml version="1.0" encoding="UTF-8"?>
<testng-results ignored="0" total="1" passed="1" failed="0" skipped="0">
  <reporter-output>
  </reporter-output>
  <suite started-at="2023-01-17T17:27:45Z" name="Default suite" finished-at="2023-01-17T17:27:59Z" duration-ms="13910">
    <groups>
    </groups>
    <test started-at="2023-01-17T17:27:45Z" name="Default test" finished-at="2023-01-17T17:27:59Z" duration-ms="13910">
      <class name="com.google.qa.NewTest">
        <test-method signature="f()[pri:0, instance:com.google.qa.NewTest@1ab06251]" started-at="2023-01-17T17:27:45Z" name="f" finished-at="2023-01-17T17:27:59Z" duration-ms="13848" status="PASS">
          <reporter-output>
          </reporter-output>
        </test-method> <!-- f -->
      </class> <!-- com.google.qa.NewTest -->
    </test> <!-- Default test -->
  </suite> <!-- Default suite -->
</testng-results>
